mode: set
github.com/wasilak/otelgo/common/utils.go:19.47,21.52 1 1
github.com/wasilak/otelgo/common/utils.go:21.52,23.3 1 1
github.com/wasilak/otelgo/common/utils.go:25.2,25.59 1 1
github.com/wasilak/otelgo/internal/tlsconfig.go:18.32,26.2 1 1
github.com/wasilak/otelgo/internal/tlsconfig.go:28.59,34.24 2 1
github.com/wasilak/otelgo/internal/tlsconfig.go:34.24,36.17 2 1
github.com/wasilak/otelgo/internal/tlsconfig.go:36.17,38.4 1 1
github.com/wasilak/otelgo/internal/tlsconfig.go:40.3,41.45 2 1
github.com/wasilak/otelgo/internal/tlsconfig.go:41.45,43.4 1 1
github.com/wasilak/otelgo/internal/tlsconfig.go:45.3,45.33 1 1
github.com/wasilak/otelgo/internal/tlsconfig.go:48.2,48.53 1 1
github.com/wasilak/otelgo/internal/tlsconfig.go:48.53,50.17 2 1
github.com/wasilak/otelgo/internal/tlsconfig.go:50.17,52.4 1 1
github.com/wasilak/otelgo/internal/tlsconfig.go:53.3,53.51 1 1
github.com/wasilak/otelgo/internal/tlsconfig.go:56.2,56.23 1 1
github.com/wasilak/otelgo/internal/tlsconfig.go:59.38,60.38 1 1
github.com/wasilak/otelgo/internal/tlsconfig.go:60.38,62.3 1 1
github.com/wasilak/otelgo/internal/tlsconfig.go:64.2,64.57 1 1
github.com/wasilak/otelgo/internal/tlsconfig.go:64.57,66.3 1 1
github.com/wasilak/otelgo/internal/tlsconfig.go:68.2,68.12 1 1
github.com/wasilak/otelgo/logs/logs.go:86.103,93.32 3 1
github.com/wasilak/otelgo/logs/logs.go:93.32,95.3 1 1
github.com/wasilak/otelgo/logs/logs.go:97.2,97.28 1 1
github.com/wasilak/otelgo/logs/logs.go:97.28,99.3 1 1
github.com/wasilak/otelgo/logs/logs.go:101.2,101.51 1 1
github.com/wasilak/otelgo/logs/logs.go:101.51,103.3 1 1
github.com/wasilak/otelgo/logs/logs.go:105.2,106.16 2 1
github.com/wasilak/otelgo/logs/logs.go:106.16,108.3 1 1
github.com/wasilak/otelgo/logs/logs.go:110.2,119.16 2 1
github.com/wasilak/otelgo/logs/logs.go:119.16,121.3 1 0
github.com/wasilak/otelgo/logs/logs.go:123.2,125.67 2 1
github.com/wasilak/otelgo/logs/logs.go:125.67,131.17 3 0
github.com/wasilak/otelgo/logs/logs.go:131.17,133.4 1 0
github.com/wasilak/otelgo/logs/logs.go:134.8,136.17 2 1
github.com/wasilak/otelgo/logs/logs.go:136.17,138.4 1 0
github.com/wasilak/otelgo/logs/logs.go:141.2,150.30 4 1
github.com/wasilak/otelgo/logs/logs.go:171.75,173.2 1 1
github.com/wasilak/otelgo/slog/slog.go:32.56,34.39 1 1
github.com/wasilak/otelgo/slog/slog.go:34.39,36.3 1 1
github.com/wasilak/otelgo/slog/slog.go:37.2,37.27 1 1
github.com/wasilak/otelgo/slog/slog.go:45.49,47.2 1 1
github.com/wasilak/otelgo/slog/slog.go:58.78,60.2 1 1
github.com/wasilak/otelgo/slog/slog.go:72.75,75.24 2 1
github.com/wasilak/otelgo/slog/slog.go:75.24,76.33 1 1
github.com/wasilak/otelgo/slog/slog.go:76.33,78.4 1 1
github.com/wasilak/otelgo/slog/slog.go:80.3,80.34 1 1
github.com/wasilak/otelgo/slog/slog.go:83.2,83.33 1 1
github.com/wasilak/otelgo/slog/slog.go:93.68,95.2 1 1
github.com/wasilak/otelgo/slog/slog.go:104.62,106.2 1 1
github.com/wasilak/otelgo/slog/slog.go:120.69,124.57 4 1
github.com/wasilak/otelgo/slog/slog.go:124.57,128.3 3 1
github.com/wasilak/otelgo/slog/slog.go:129.2,135.9 5 1
github.com/wasilak/otelgo/slog/slog.go:135.9,137.3 1 1
github.com/wasilak/otelgo/slog/slog.go:137.8,140.44 2 0
github.com/wasilak/otelgo/slog/slog.go:140.44,142.4 1 0
github.com/wasilak/otelgo/slog/slog.go:143.3,149.19 5 0
github.com/wasilak/otelgo/slog/slog.go:149.19,152.4 2 0
github.com/wasilak/otelgo/slog/slog.go:153.3,166.4 2 0
github.com/wasilak/otelgo/slog/slog.go:169.2,178.10 3 1
github.com/wasilak/otelgo/metrics/metrics.go:66.105,73.32 3 1
github.com/wasilak/otelgo/metrics/metrics.go:73.32,75.3 1 1
github.com/wasilak/otelgo/metrics/metrics.go:77.2,77.28 1 1
github.com/wasilak/otelgo/metrics/metrics.go:77.28,79.3 1 1
github.com/wasilak/otelgo/metrics/metrics.go:81.2,81.51 1 1
github.com/wasilak/otelgo/metrics/metrics.go:81.51,83.3 1 1
github.com/wasilak/otelgo/metrics/metrics.go:85.2,86.16 2 1
github.com/wasilak/otelgo/metrics/metrics.go:86.16,88.3 1 1
github.com/wasilak/otelgo/metrics/metrics.go:90.2,99.16 2 1
github.com/wasilak/otelgo/metrics/metrics.go:99.16,101.3 1 0
github.com/wasilak/otelgo/metrics/metrics.go:103.2,105.70 2 1
github.com/wasilak/otelgo/metrics/metrics.go:105.70,111.17 3 0
github.com/wasilak/otelgo/metrics/metrics.go:111.17,113.4 1 0
github.com/wasilak/otelgo/metrics/metrics.go:114.8,116.17 2 1
github.com/wasilak/otelgo/metrics/metrics.go:116.17,118.4 1 0
github.com/wasilak/otelgo/metrics/metrics.go:121.2,128.32 3 1
github.com/wasilak/otelgo/metrics/metrics.go:149.76,151.2 1 1
github.com/wasilak/otelgo/tracing/hostmetrics.go:32.92,38.53 4 0
github.com/wasilak/otelgo/tracing/hostmetrics.go:38.53,39.75 1 0
github.com/wasilak/otelgo/tracing/hostmetrics.go:42.2,43.16 2 0
github.com/wasilak/otelgo/tracing/hostmetrics.go:43.16,44.76 1 0
github.com/wasilak/otelgo/tracing/hostmetrics.go:47.2,47.70 1 0
github.com/wasilak/otelgo/tracing/hostmetrics.go:47.70,54.3 2 0
github.com/wasilak/otelgo/tracing/hostmetrics.go:54.8,56.3 1 0
github.com/wasilak/otelgo/tracing/hostmetrics.go:57.2,57.16 1 0
github.com/wasilak/otelgo/tracing/hostmetrics.go:57.16,58.13 1 0
github.com/wasilak/otelgo/tracing/hostmetrics.go:61.2,65.16 4 0
github.com/wasilak/otelgo/tracing/hostmetrics.go:65.16,67.3 1 0
github.com/wasilak/otelgo/tracing/runtimemetrics.go:32.95,38.53 4 0
github.com/wasilak/otelgo/tracing/runtimemetrics.go:38.53,39.78 1 0
github.com/wasilak/otelgo/tracing/runtimemetrics.go:42.2,43.16 2 0
github.com/wasilak/otelgo/tracing/runtimemetrics.go:43.16,44.79 1 0
github.com/wasilak/otelgo/tracing/runtimemetrics.go:47.2,47.70 1 0
github.com/wasilak/otelgo/tracing/runtimemetrics.go:47.70,54.3 2 0
github.com/wasilak/otelgo/tracing/runtimemetrics.go:54.8,56.3 1 0
github.com/wasilak/otelgo/tracing/runtimemetrics.go:57.2,57.16 1 0
github.com/wasilak/otelgo/tracing/runtimemetrics.go:57.16,58.13 1 0
github.com/wasilak/otelgo/tracing/runtimemetrics.go:61.2,65.16 4 0
github.com/wasilak/otelgo/tracing/runtimemetrics.go:65.16,67.3 1 0
github.com/wasilak/otelgo/tracing/tracing.go:77.95,89.16 3 1
github.com/wasilak/otelgo/tracing/tracing.go:89.16,91.3 1 0
github.com/wasilak/otelgo/tracing/tracing.go:93.2,93.28 1 1
github.com/wasilak/otelgo/tracing/tracing.go:93.28,95.3 1 1
github.com/wasilak/otelgo/tracing/tracing.go:97.2,97.51 1 1
github.com/wasilak/otelgo/tracing/tracing.go:97.51,99.3 1 1
github.com/wasilak/otelgo/tracing/tracing.go:101.2,102.16 2 1
github.com/wasilak/otelgo/tracing/tracing.go:102.16,104.3 1 1
github.com/wasilak/otelgo/tracing/tracing.go:106.2,108.69 2 1
github.com/wasilak/otelgo/tracing/tracing.go:108.69,117.3 2 0
github.com/wasilak/otelgo/tracing/tracing.go:117.8,121.3 1 1
github.com/wasilak/otelgo/tracing/tracing.go:123.2,124.16 2 1
github.com/wasilak/otelgo/tracing/tracing.go:124.16,126.3 1 0
github.com/wasilak/otelgo/tracing/tracing.go:133.2,141.16 2 1
github.com/wasilak/otelgo/tracing/tracing.go:141.16,143.3 1 0
github.com/wasilak/otelgo/tracing/tracing.go:147.2,147.38 1 1
github.com/wasilak/otelgo/tracing/tracing.go:147.38,149.3 1 0
github.com/wasilak/otelgo/tracing/tracing.go:151.2,151.41 1 1
github.com/wasilak/otelgo/tracing/tracing.go:151.41,153.3 1 0
github.com/wasilak/otelgo/tracing/tracing.go:156.2,168.32 5 1
github.com/wasilak/otelgo/tracing/tracing.go:189.79,191.2 1 1
